<?xml version="1.0" encoding="UTF-8"?>
<!-- Generated by org.testng.reporters.JUnitReportReporter -->
<testsuite hostname="DESKTOP-IF37F16" failures="0" tests="5" name="runner.runnerTestNG" time="79.687" errors="0" timestamp="2025-04-07T21:11:38 IST" skipped="0">
  <testcase classname="runner.runnerTestNG" name="runScenario" time="12.651"/>
  <testcase classname="runner.runnerTestNG" name="runScenario" time="11.218"/>
  <testcase classname="runner.runnerTestNG" name="runScenario" time="37.137"/>
  <testcase classname="runner.runnerTestNG" name="runScenario" time="7.689"/>
  <testcase classname="runner.runnerTestNG" name="runScenario" time="10.992"/>
</testsuite> <!-- runner.runnerTestNG -->
