<?xml version="1.0" encoding="UTF-8"?>
<!-- Generated by org.testng.reporters.JUnitReportReporter -->
<testsuite hostname="DESKTOP-IF37F16" failures="0" tests="4" name="runner.runnerTestNG" time="37.759" errors="0" timestamp="2025-04-05T18:00:28 IST" skipped="0">
  <testcase classname="runner.runnerTestNG" name="runScenario" time="14.597"/>
  <testcase classname="runner.runnerTestNG" name="runScenario" time="9.813"/>
  <testcase classname="runner.runnerTestNG" name="runScenario" time="5.475"/>
  <testcase classname="runner.runnerTestNG" name="runScenario" time="7.874"/>
</testsuite> <!-- runner.runnerTestNG -->
