<?xml version="1.0" encoding="UTF-8"?>
<!-- Generated by org.testng.reporters.JUnitReportReporter -->
<testsuite hostname="DESKTOP-IF37F16" failures="0" tests="5" name="runner.runnerTestNG" time="78.739" errors="0" timestamp="2025-04-07T20:46:26 IST" skipped="0">
  <testcase classname="runner.runnerTestNG" name="runScenario" time="33.390"/>
  <testcase classname="runner.runnerTestNG" name="runScenario" time="8.203"/>
  <testcase classname="runner.runnerTestNG" name="runScenario" time="9.332"/>
  <testcase classname="runner.runnerTestNG" name="runScenario" time="13.372"/>
  <testcase classname="runner.runnerTestNG" name="runScenario" time="14.442"/>
</testsuite> <!-- runner.runnerTestNG -->
