<?xml version="1.0" encoding="UTF-8"?>
<!-- Generated by org.testng.reporters.JUnitReportReporter -->
<testsuite hostname="DESKTOP-IF37F16" failures="0" tests="4" name="runner.runnerTestNG" time="35.740" errors="0" timestamp="2025-04-05T17:51:32 IST" skipped="0">
  <testcase classname="runner.runnerTestNG" name="runScenario" time="14.156"/>
  <testcase classname="runner.runnerTestNG" name="runScenario" time="7.637"/>
  <testcase classname="runner.runnerTestNG" name="runScenario" time="8.670"/>
  <testcase classname="runner.runnerTestNG" name="runScenario" time="5.277"/>
</testsuite> <!-- runner.runnerTestNG -->
