<?xml version="1.0" encoding="UTF-8"?>
<!-- Generated by org.testng.reporters.JUnitReportReporter -->
<testsuite hostname="DESKTOP-IF37F16" failures="0" tests="4" name="runner.runnerTestNG" time="42.866" errors="0" timestamp="2025-04-05T17:44:43 IST" skipped="0">
  <testcase classname="runner.runnerTestNG" name="runScenario" time="8.975"/>
  <testcase classname="runner.runnerTestNG" name="runScenario" time="19.544"/>
  <testcase classname="runner.runnerTestNG" name="runScenario" time="8.525"/>
  <testcase classname="runner.runnerTestNG" name="runScenario" time="5.822"/>
</testsuite> <!-- runner.runnerTestNG -->
